This file contains any messages produced by compilers while
running configure, to aid debugging if configure makes a mistake.

It was created by configure, which was
generated by GNU Autoconf 2.59.  Invocation command line was

  $ ./configure 

## --------- ##
## Platform. ##
## --------- ##

hostname = alex-mbp.local
uname -m = x86_64
uname -r = 17.2.0
uname -s = Darwin
uname -v = Darwin Kernel Version 17.2.0: Fri Sep 29 18:27:05 PDT 2017; root:xnu-4570.20.62~3/RELEASE_X86_64

/usr/bin/uname -p = i386
/bin/uname -X     = unknown

/bin/arch              = unknown
/usr/bin/arch -k       = unknown
/usr/convex/getsysinfo = unknown
hostinfo               = Mach kernel version:
	 Darwin Kernel Version 17.2.0: Fri Sep 29 18:27:05 PDT 2017; root:xnu-4570.20.62~3/RELEASE_X86_64
Kernel configured for up to 4 processors.
2 processors are physically available.
4 processors are logically available.
Processor type: x86_64h (Intel x86-64h Haswell)
Processors active: 0 1 2 3
Primary memory available: 8.00 gigabytes
Default processor set: 314 tasks, 1357 threads, 4 processors
Load average: 2.11, Mach factor: 1.88
/bin/machine           = unknown
/usr/bin/oslevel       = unknown
/bin/universe          = unknown

PATH: /usr/local/bin
PATH: /usr/local/git/bin
PATH: /sw/bin/
PATH: /usr/local/bin
PATH: /usr/local/
PATH: /usr/local/sbin
PATH: /usr/local/mysql/bin
PATH: /usr/local/bin
PATH: /usr/bin
PATH: /bin
PATH: /usr/sbin
PATH: /sbin
PATH: /Library/TeX/texbin
PATH: /usr/local/bin/


## ----------- ##
## Core tests. ##
## ----------- ##

configure:1377: checking for a BSD-compatible install
configure:1432: result: /usr/bin/install -c
configure:1506: checking for gawk
configure:1535: result: no
configure:1506: checking for mawk
configure:1535: result: no
configure:1506: checking for nawk
configure:1535: result: no
configure:1506: checking for awk
configure:1522: found /usr/bin/awk
configure:1532: result: awk
configure:1542: checking whether make sets $(MAKE)
configure:1562: result: yes
configure:1739: checking build system type
configure:1757: result: i686-apple-darwin17.2.0
configure:1765: checking host system type
configure:1779: result: i686-apple-darwin17.2.0
configure:1834: checking for gcc
configure:1850: found /usr/bin/gcc
configure:1860: result: gcc
configure:2104: checking for C compiler version
configure:2107: gcc --version </dev/null >&5
Configured with: --prefix=/Applications/Xcode.app/Contents/Developer/usr --with-gxx-include-dir=/Applications/Xcode.app/Contents/Developer/Platforms/MacOSX.platform/Developer/SDKs/MacOSX10.13.sdk/usr/include/c++/4.2.1
Apple LLVM version 9.0.0 (clang-900.0.38)
Target: x86_64-apple-darwin17.2.0
Thread model: posix
InstalledDir: /Applications/Xcode.app/Contents/Developer/Toolchains/XcodeDefault.xctoolchain/usr/bin
configure:2110: $? = 0
configure:2112: gcc -v </dev/null >&5
Configured with: --prefix=/Applications/Xcode.app/Contents/Developer/usr --with-gxx-include-dir=/Applications/Xcode.app/Contents/Developer/Platforms/MacOSX.platform/Developer/SDKs/MacOSX10.13.sdk/usr/include/c++/4.2.1
Apple LLVM version 9.0.0 (clang-900.0.38)
Target: x86_64-apple-darwin17.2.0
Thread model: posix
InstalledDir: /Applications/Xcode.app/Contents/Developer/Toolchains/XcodeDefault.xctoolchain/usr/bin
configure:2115: $? = 0
configure:2117: gcc -V </dev/null >&5
clang: error: argument to '-V' is missing (expected 1 value)
clang: error: no input files
configure:2120: $? = 1
configure:2143: checking for C compiler default output file name
configure:2146: gcc    conftest.c  >&5
configure:2149: $? = 0
configure:2195: result: a.out
configure:2200: checking whether the C compiler works
configure:2206: ./a.out
configure:2209: $? = 0
configure:2226: result: yes
configure:2233: checking whether we are cross compiling
configure:2235: result: no
configure:2238: checking for suffix of executables
configure:2240: gcc -o conftest    conftest.c  >&5
configure:2243: $? = 0
configure:2268: result: 
configure:2274: checking for suffix of object files
configure:2295: gcc -c   conftest.c >&5
configure:2298: $? = 0
configure:2320: result: o
configure:2324: checking whether we are using the GNU C compiler
configure:2348: gcc -c   conftest.c >&5
configure:2354: $? = 0
configure:2358: test -z 
			 || test ! -s conftest.err
configure:2361: $? = 0
configure:2364: test -s conftest.o
configure:2367: $? = 0
configure:2380: result: yes
configure:2386: checking whether gcc accepts -g
configure:2407: gcc -c -g  conftest.c >&5
configure:2413: $? = 0
configure:2417: test -z 
			 || test ! -s conftest.err
configure:2420: $? = 0
configure:2423: test -s conftest.o
configure:2426: $? = 0
configure:2437: result: yes
configure:2454: checking for gcc option to accept ANSI C
configure:2524: gcc  -c -g -O2  conftest.c >&5
configure:2530: $? = 0
configure:2534: test -z 
			 || test ! -s conftest.err
configure:2537: $? = 0
configure:2540: test -s conftest.o
configure:2543: $? = 0
configure:2561: result: none needed
configure:2579: gcc -c -g -O2  conftest.c >&5
conftest.c:2:3: error: unknown type name 'choke'
  choke me
  ^
conftest.c:2:11: error: expected ';' after top level declarator
  choke me
          ^
          ;
2 errors generated.
configure:2585: $? = 1
configure: failed program was:
| #ifndef __cplusplus
|   choke me
| #endif
configure:2729: checking for style of include used by make
configure:2757: result: GNU
configure:2785: checking dependency style of gcc
configure:2875: result: gcc3
configure:2897: checking how to run the C preprocessor
configure:2932: gcc -E  conftest.c
configure:2938: $? = 0
configure:2970: gcc -E  conftest.c
conftest.c:11:10: fatal error: 'ac_nonexistent.h' file not found
#include <ac_nonexistent.h>
         ^~~~~~~~~~~~~~~~~~
1 error generated.
configure:2976: $? = 1
configure: failed program was:
| /* confdefs.h.  */
| 
| #define PACKAGE_NAME ""
| #define PACKAGE_TARNAME ""
| #define PACKAGE_VERSION ""
| #define PACKAGE_STRING ""
| #define PACKAGE_BUGREPORT ""
| #define PACKAGE "libdcrypt"
| #define VERSION "0.6"
| /* end confdefs.h.  */
| #include <ac_nonexistent.h>
configure:3015: result: gcc -E
configure:3039: gcc -E  conftest.c
configure:3045: $? = 0
configure:3077: gcc -E  conftest.c
conftest.c:11:10: fatal error: 'ac_nonexistent.h' file not found
#include <ac_nonexistent.h>
         ^~~~~~~~~~~~~~~~~~
1 error generated.
configure:3083: $? = 1
configure: failed program was:
| /* confdefs.h.  */
| 
| #define PACKAGE_NAME ""
| #define PACKAGE_TARNAME ""
| #define PACKAGE_VERSION ""
| #define PACKAGE_STRING ""
| #define PACKAGE_BUGREPORT ""
| #define PACKAGE "libdcrypt"
| #define VERSION "0.6"
| /* end confdefs.h.  */
| #include <ac_nonexistent.h>
configure:3178: checking for g++
configure:3194: found /usr/bin/g++
configure:3204: result: g++
configure:3220: checking for C++ compiler version
configure:3223: g++ --version </dev/null >&5
Configured with: --prefix=/Applications/Xcode.app/Contents/Developer/usr --with-gxx-include-dir=/Applications/Xcode.app/Contents/Developer/Platforms/MacOSX.platform/Developer/SDKs/MacOSX10.13.sdk/usr/include/c++/4.2.1
Apple LLVM version 9.0.0 (clang-900.0.38)
Target: x86_64-apple-darwin17.2.0
Thread model: posix
InstalledDir: /Applications/Xcode.app/Contents/Developer/Toolchains/XcodeDefault.xctoolchain/usr/bin
configure:3226: $? = 0
configure:3228: g++ -v </dev/null >&5
Configured with: --prefix=/Applications/Xcode.app/Contents/Developer/usr --with-gxx-include-dir=/Applications/Xcode.app/Contents/Developer/Platforms/MacOSX.platform/Developer/SDKs/MacOSX10.13.sdk/usr/include/c++/4.2.1
Apple LLVM version 9.0.0 (clang-900.0.38)
Target: x86_64-apple-darwin17.2.0
Thread model: posix
InstalledDir: /Applications/Xcode.app/Contents/Developer/Toolchains/XcodeDefault.xctoolchain/usr/bin
configure:3231: $? = 0
configure:3233: g++ -V </dev/null >&5
clang: error: argument to '-V' is missing (expected 1 value)
clang: error: no input files
configure:3236: $? = 1
configure:3239: checking whether we are using the GNU C++ compiler
configure:3263: g++ -c   conftest.cc >&5
configure:3269: $? = 0
configure:3273: test -z 
			 || test ! -s conftest.err
configure:3276: $? = 0
configure:3279: test -s conftest.o
configure:3282: $? = 0
configure:3295: result: yes
configure:3301: checking whether g++ accepts -g
configure:3322: g++ -c -g  conftest.cc >&5
configure:3328: $? = 0
configure:3332: test -z 
			 || test ! -s conftest.err
configure:3335: $? = 0
configure:3338: test -s conftest.o
configure:3341: $? = 0
configure:3352: result: yes
configure:3394: g++ -c -g -O2  conftest.cc >&5
configure:3400: $? = 0
configure:3404: test -z 
			 || test ! -s conftest.err
configure:3407: $? = 0
configure:3410: test -s conftest.o
configure:3413: $? = 0
configure:3439: g++ -c -g -O2  conftest.cc >&5
conftest.cc:15:1: error: use of undeclared identifier 'exit'
exit (42);
^
1 error generated.
configure:3445: $? = 1
configure: failed program was:
| /* confdefs.h.  */
| 
| #define PACKAGE_NAME ""
| #define PACKAGE_TARNAME ""
| #define PACKAGE_VERSION ""
| #define PACKAGE_STRING ""
| #define PACKAGE_BUGREPORT ""
| #define PACKAGE "libdcrypt"
| #define VERSION "0.6"
| /* end confdefs.h.  */
| 
| int
| main ()
| {
| exit (42);
|   ;
|   return 0;
| }
configure:3394: g++ -c -g -O2  conftest.cc >&5
conftest.cc:11:17: error: use of undeclared identifier 'std'
extern "C" void std::exit (int) throw (); using std::exit;
                ^
conftest.cc:11:49: error: use of undeclared identifier 'std'
extern "C" void std::exit (int) throw (); using std::exit;
                                                ^
2 errors generated.
configure:3400: $? = 1
configure: failed program was:
| /* confdefs.h.  */
| 
| #define PACKAGE_NAME ""
| #define PACKAGE_TARNAME ""
| #define PACKAGE_VERSION ""
| #define PACKAGE_STRING ""
| #define PACKAGE_BUGREPORT ""
| #define PACKAGE "libdcrypt"
| #define VERSION "0.6"
| /* end confdefs.h.  */
| extern "C" void std::exit (int) throw (); using std::exit;
| #include <stdlib.h>
| int
| main ()
| {
| exit (42);
|   ;
|   return 0;
| }
configure:3394: g++ -c -g -O2  conftest.cc >&5
conftest.cc:11:17: error: use of undeclared identifier 'std'
extern "C" void std::exit (int); using std::exit;
                ^
conftest.cc:11:40: error: use of undeclared identifier 'std'
extern "C" void std::exit (int); using std::exit;
                                       ^
2 errors generated.
configure:3400: $? = 1
configure: failed program was:
| /* confdefs.h.  */
| 
| #define PACKAGE_NAME ""
| #define PACKAGE_TARNAME ""
| #define PACKAGE_VERSION ""
| #define PACKAGE_STRING ""
| #define PACKAGE_BUGREPORT ""
| #define PACKAGE "libdcrypt"
| #define VERSION "0.6"
| /* end confdefs.h.  */
| extern "C" void std::exit (int); using std::exit;
| #include <stdlib.h>
| int
| main ()
| {
| exit (42);
|   ;
|   return 0;
| }
configure:3394: g++ -c -g -O2  conftest.cc >&5
In file included from conftest.cc:12:
In file included from /Applications/Xcode.app/Contents/Developer/Toolchains/XcodeDefault.xctoolchain/usr/include/c++/v1/stdlib.h:94:
/Applications/Xcode.app/Contents/Developer/Platforms/MacOSX.platform/Developer/SDKs/MacOSX10.13.sdk/usr/include/stdlib.h:150:7: error: 'exit' is missing exception specification 'throw()'
void     exit(int) __dead2;
         ^
conftest.cc:11:17: note: previous declaration is here
extern "C" void exit (int) throw ();
                ^
1 error generated.
configure:3400: $? = 1
configure: failed program was:
| /* confdefs.h.  */
| 
| #define PACKAGE_NAME ""
| #define PACKAGE_TARNAME ""
| #define PACKAGE_VERSION ""
| #define PACKAGE_STRING ""
| #define PACKAGE_BUGREPORT ""
| #define PACKAGE "libdcrypt"
| #define VERSION "0.6"
| /* end confdefs.h.  */
| extern "C" void exit (int) throw ();
| #include <stdlib.h>
| int
| main ()
| {
| exit (42);
|   ;
|   return 0;
| }
configure:3394: g++ -c -g -O2  conftest.cc >&5
configure:3400: $? = 0
configure:3404: test -z 
			 || test ! -s conftest.err
configure:3407: $? = 0
configure:3410: test -s conftest.o
configure:3413: $? = 0
configure:3439: g++ -c -g -O2  conftest.cc >&5
configure:3445: $? = 0
configure:3449: test -z 
			 || test ! -s conftest.err
configure:3452: $? = 0
configure:3455: test -s conftest.o
configure:3458: $? = 0
configure:3483: checking dependency style of g++
configure:3573: result: gcc3
configure:3604: checking for a BSD-compatible install
configure:3659: result: /usr/bin/install -c
configure:3670: checking whether ln -s works
configure:3674: result: yes
configure:3681: checking whether make sets $(MAKE)
configure:3701: result: yes
configure:3759: checking for GMP library
configure:3766: checking for gmp.h
configure:3793: gcc -c -g -O2    conftest.c >&5
conftest.c:18:1: warning: expression result unused [-Wunused-value]
0
^
1 warning generated.
configure:3799: $? = 0
configure:3803: test -z 
			 || test ! -s conftest.err
configure:3806: $? = 0
configure:3809: test -s conftest.o
configure:3812: $? = 0
configure:3827: result: yes
configure:3835: checking for libgmp
configure:3863: gcc -o conftest -g -O2     conftest.c     >&5
Undefined symbols for architecture x86_64:
  "___gmpz_init", referenced from:
      _main in conftest-38082a.o
ld: symbol(s) not found for architecture x86_64
clang: error: linker command failed with exit code 1 (use -v to see invocation)
configure:3869: $? = 1
configure: failed program was:
| /* confdefs.h.  */
| 
| #define PACKAGE_NAME ""
| #define PACKAGE_TARNAME ""
| #define PACKAGE_VERSION ""
| #define PACKAGE_STRING ""
| #define PACKAGE_BUGREPORT ""
| #define PACKAGE "libdcrypt"
| #define VERSION "0.6"
| #ifdef __cplusplus
| extern "C" void exit (int);
| #endif
| /* end confdefs.h.  */
| #include "gmp.h"
| int
| main ()
| {
| MP_INT i; mpz_init (&i);
|   ;
|   return 0;
| }
configure:3863: gcc -o conftest -g -O2     conftest.c   -lgmp >&5
configure:3869: $? = 0
configure:3873: test -z 
			 || test ! -s conftest.err
configure:3876: $? = 0
configure:3879: test -s conftest
configure:3882: $? = 0
configure:3903: result: -lgmp
configure:3913: checking for overloaded C++ operators in gmp.h
configure:3919: checking for egrep
configure:3929: result: grep -E
In file included from conftest.c:15:
/usr/local/include/gmp.h:34:10: fatal error: 'iosfwd' file not found
#include <iosfwd>   /* for std::istream, std::ostream, std::string */
         ^~~~~~~~
1 error generated.
configure:3954: result: yes
configure:3962: checking for mpz_xor
configure:3985: result: yes
configure:3993: checking size of GMP mp_limb_t
configure:4016: gcc -c -g -O2    conftest.c >&5
conftest.c:20:25: error: duplicate case value '0'
switch (0) case 0: case (sizeof (mp_limb_t) == 2):;
                        ^
conftest.c:20:17: note: previous case defined here
switch (0) case 0: case (sizeof (mp_limb_t) == 2):;
                ^
1 error generated.
configure:4022: $? = 1
configure: failed program was:
| /* confdefs.h.  */
| 
| #define PACKAGE_NAME ""
| #define PACKAGE_TARNAME ""
| #define PACKAGE_VERSION ""
| #define PACKAGE_STRING ""
| #define PACKAGE_BUGREPORT ""
| #define PACKAGE "libdcrypt"
| #define VERSION "0.6"
| #ifdef __cplusplus
| extern "C" void exit (int);
| #endif
| #define HAVE_GMP_CXX_OPS 1
| #define HAVE_MPZ_XOR 1
| /* end confdefs.h.  */
| #include <gmp.h>
| int
| main ()
| {
| switch (0) case 0: case (sizeof (mp_limb_t) == 2):;
|   ;
|   return 0;
| }
configure:4016: gcc -c -g -O2    conftest.c >&5
conftest.c:20:25: error: duplicate case value '0'
switch (0) case 0: case (sizeof (mp_limb_t) == 4):;
                        ^
conftest.c:20:17: note: previous case defined here
switch (0) case 0: case (sizeof (mp_limb_t) == 4):;
                ^
1 error generated.
configure:4022: $? = 1
configure: failed program was:
| /* confdefs.h.  */
| 
| #define PACKAGE_NAME ""
| #define PACKAGE_TARNAME ""
| #define PACKAGE_VERSION ""
| #define PACKAGE_STRING ""
| #define PACKAGE_BUGREPORT ""
| #define PACKAGE "libdcrypt"
| #define VERSION "0.6"
| #ifdef __cplusplus
| extern "C" void exit (int);
| #endif
| #define HAVE_GMP_CXX_OPS 1
| #define HAVE_MPZ_XOR 1
| /* end confdefs.h.  */
| #include <gmp.h>
| int
| main ()
| {
| switch (0) case 0: case (sizeof (mp_limb_t) == 4):;
|   ;
|   return 0;
| }
configure:4016: gcc -c -g -O2    conftest.c >&5
configure:4022: $? = 0
configure:4026: test -z 
			 || test ! -s conftest.err
configure:4029: $? = 0
configure:4032: test -s conftest.o
configure:4035: $? = 0
configure:4046: result: 8
configure:4060: checking for ANSI C header files
configure:4085: gcc -c -g -O2    conftest.c >&5
configure:4091: $? = 0
configure:4095: test -z 
			 || test ! -s conftest.err
configure:4098: $? = 0
configure:4101: test -s conftest.o
configure:4104: $? = 0
configure:4193: gcc -o conftest -g -O2      conftest.c  >&5
conftest.c:34:7: warning: implicitly declaring library function 'exit' with type 'void (int) __attribute__((noreturn))' [-Wimplicit-function-declaration]
      exit(2);
      ^
conftest.c:34:7: note: include the header <stdlib.h> or explicitly provide a declaration for 'exit'
1 warning generated.
configure:4196: $? = 0
configure:4198: ./conftest
configure:4201: $? = 0
configure:4216: result: yes
configure:4240: checking for sys/types.h
configure:4256: gcc -c -g -O2    conftest.c >&5
configure:4262: $? = 0
configure:4266: test -z 
			 || test ! -s conftest.err
configure:4269: $? = 0
configure:4272: test -s conftest.o
configure:4275: $? = 0
configure:4286: result: yes
configure:4240: checking for sys/stat.h
configure:4256: gcc -c -g -O2    conftest.c >&5
configure:4262: $? = 0
configure:4266: test -z 
			 || test ! -s conftest.err
configure:4269: $? = 0
configure:4272: test -s conftest.o
configure:4275: $? = 0
configure:4286: result: yes
configure:4240: checking for stdlib.h
configure:4256: gcc -c -g -O2    conftest.c >&5
configure:4262: $? = 0
configure:4266: test -z 
			 || test ! -s conftest.err
configure:4269: $? = 0
configure:4272: test -s conftest.o
configure:4275: $? = 0
configure:4286: result: yes
configure:4240: checking for string.h
configure:4256: gcc -c -g -O2    conftest.c >&5
configure:4262: $? = 0
configure:4266: test -z 
			 || test ! -s conftest.err
configure:4269: $? = 0
configure:4272: test -s conftest.o
configure:4275: $? = 0
configure:4286: result: yes
configure:4240: checking for memory.h
configure:4256: gcc -c -g -O2    conftest.c >&5
configure:4262: $? = 0
configure:4266: test -z 
			 || test ! -s conftest.err
configure:4269: $? = 0
configure:4272: test -s conftest.o
configure:4275: $? = 0
configure:4286: result: yes
configure:4240: checking for strings.h
configure:4256: gcc -c -g -O2    conftest.c >&5
configure:4262: $? = 0
configure:4266: test -z 
			 || test ! -s conftest.err
configure:4269: $? = 0
configure:4272: test -s conftest.o
configure:4275: $? = 0
configure:4286: result: yes
configure:4240: checking for inttypes.h
configure:4256: gcc -c -g -O2    conftest.c >&5
configure:4262: $? = 0
configure:4266: test -z 
			 || test ! -s conftest.err
configure:4269: $? = 0
configure:4272: test -s conftest.o
configure:4275: $? = 0
configure:4286: result: yes
configure:4240: checking for stdint.h
configure:4256: gcc -c -g -O2    conftest.c >&5
configure:4262: $? = 0
configure:4266: test -z 
			 || test ! -s conftest.err
configure:4269: $? = 0
configure:4272: test -s conftest.o
configure:4275: $? = 0
configure:4286: result: yes
configure:4240: checking for unistd.h
configure:4256: gcc -c -g -O2    conftest.c >&5
configure:4262: $? = 0
configure:4266: test -z 
			 || test ! -s conftest.err
configure:4269: $? = 0
configure:4272: test -s conftest.o
configure:4275: $? = 0
configure:4286: result: yes
configure:4304: checking for memory.h
configure:4309: result: yes
configure:4606: checking for ANSI C header files
configure:4762: result: yes
configure:4789: checking errno.h usability
configure:4801: gcc -c -g -O2    conftest.c >&5
configure:4807: $? = 0
configure:4811: test -z 
			 || test ! -s conftest.err
configure:4814: $? = 0
configure:4817: test -s conftest.o
configure:4820: $? = 0
configure:4830: result: yes
configure:4834: checking errno.h presence
configure:4844: gcc -E    conftest.c
configure:4850: $? = 0
configure:4870: result: yes
configure:4905: checking for errno.h
configure:4912: result: yes
configure:4780: checking for stdlib.h
configure:4785: result: yes
configure:4780: checking for string.h
configure:4785: result: yes
configure:4780: checking for unistd.h
configure:4785: result: yes
configure:4941: checking sys/file.h usability
configure:4953: gcc -c -g -O2    conftest.c >&5
configure:4959: $? = 0
configure:4963: test -z 
			 || test ! -s conftest.err
configure:4966: $? = 0
configure:4969: test -s conftest.o
configure:4972: $? = 0
configure:4982: result: yes
configure:4986: checking sys/file.h presence
configure:4996: gcc -E    conftest.c
configure:5002: $? = 0
configure:5022: result: yes
configure:5057: checking for sys/file.h
configure:5064: result: yes
configure:4932: checking for sys/types.h
configure:4937: result: yes
configure:4941: checking sys/wait.h usability
configure:4953: gcc -c -g -O2    conftest.c >&5
configure:4959: $? = 0
configure:4963: test -z 
			 || test ! -s conftest.err
configure:4966: $? = 0
configure:4969: test -s conftest.o
configure:4972: $? = 0
configure:4982: result: yes
configure:4986: checking sys/wait.h presence
configure:4996: gcc -E    conftest.c
configure:5002: $? = 0
configure:5022: result: yes
configure:5057: checking for sys/wait.h
configure:5064: result: yes
configure:5080: checking for st_atimespec in stat structure
configure:5106: gcc -c -g -O2    conftest.c >&5
conftest.c:44:3: warning: expression result unused [-Wunused-value]
s.st_atimespec;
~ ^~~~~~~~~~~~
1 warning generated.
configure:5112: $? = 0
configure:5116: test -z 
			 || test ! -s conftest.err
configure:5119: $? = 0
configure:5122: test -s conftest.o
configure:5125: $? = 0
configure:5136: result: yes
configure:5145: checking for st_mtimespec in stat structure
configure:5171: gcc -c -g -O2    conftest.c >&5
conftest.c:45:3: warning: expression result unused [-Wunused-value]
s.st_mtimespec;
~ ^~~~~~~~~~~~
1 warning generated.
configure:5177: $? = 0
configure:5181: test -z 
			 || test ! -s conftest.err
configure:5184: $? = 0
configure:5187: test -s conftest.o
configure:5190: $? = 0
configure:5201: result: yes
configure:5210: checking for st_mtim in stat structure
configure:5236: gcc -c -g -O2    conftest.c >&5
conftest.c:46:3: error: no member named 'st_mtim' in 'struct stat'
s.st_mtim;
~ ^
1 error generated.
configure:5242: $? = 1
configure: failed program was:
| /* confdefs.h.  */
| 
| #define PACKAGE_NAME ""
| #define PACKAGE_TARNAME ""
| #define PACKAGE_VERSION ""
| #define PACKAGE_STRING ""
| #define PACKAGE_BUGREPORT ""
| #define PACKAGE "libdcrypt"
| #define VERSION "0.6"
| #ifdef __cplusplus
| extern "C" void exit (int);
| #endif
| #define HAVE_GMP_CXX_OPS 1
| #define HAVE_MPZ_XOR 1
| #define GMP_LIMB_SIZE 8
| #define STDC_HEADERS 1
| #define HAVE_SYS_TYPES_H 1
| #define HAVE_SYS_STAT_H 1
| #define HAVE_STDLIB_H 1
| #define HAVE_STRING_H 1
| #define HAVE_MEMORY_H 1
| #define HAVE_STRINGS_H 1
| #define HAVE_INTTYPES_H 1
| #define HAVE_STDINT_H 1
| #define HAVE_UNISTD_H 1
| #define HAVE_MEMORY_H 1
| #define STDC_HEADERS 1
| #define HAVE_ERRNO_H 1
| #define HAVE_STDLIB_H 1
| #define HAVE_STRING_H 1
| #define HAVE_UNISTD_H 1
| #define HAVE_SYS_FILE_H 1
| #define HAVE_SYS_TYPES_H 1
| #define HAVE_SYS_WAIT_H 1
| #define SFS_HAVE_STAT_ST_ATIMESPEC 1
| #define SFS_HAVE_STAT_ST_MTIMESPEC 1
| /* end confdefs.h.  */
| 
| #include <sys/stat.h>
| 
| int
| main ()
| {
| 
| struct stat s;
| s.st_mtim;
| 
|   ;
|   return 0;
| }
configure:5266: result: no
configure:5277: checking for an ANSI C-conforming const
configure:5344: gcc -c -g -O2    conftest.c >&5
configure:5350: $? = 0
configure:5354: test -z 
			 || test ! -s conftest.err
configure:5357: $? = 0
configure:5360: test -s conftest.o
configure:5363: $? = 0
configure:5374: result: yes
configure:5384: checking for off_t
configure:5408: gcc -c -g -O2    conftest.c >&5
configure:5414: $? = 0
configure:5418: test -z 
			 || test ! -s conftest.err
configure:5421: $? = 0
configure:5424: test -s conftest.o
configure:5427: $? = 0
configure:5438: result: yes
configure:5450: checking for size_t
configure:5474: gcc -c -g -O2    conftest.c >&5
configure:5480: $? = 0
configure:5484: test -z 
			 || test ! -s conftest.err
configure:5487: $? = 0
configure:5490: test -s conftest.o
configure:5493: $? = 0
configure:5504: result: yes
configure:5516: checking for short
configure:5540: gcc -c -g -O2    conftest.c >&5
configure:5546: $? = 0
configure:5550: test -z 
			 || test ! -s conftest.err
configure:5553: $? = 0
configure:5556: test -s conftest.o
configure:5559: $? = 0
configure:5570: result: yes
configure:5573: checking size of short
configure:5892: gcc -o conftest -g -O2      conftest.c  >&5
configure:5895: $? = 0
configure:5897: ./conftest
configure:5900: $? = 0
configure:5923: result: 2
configure:5930: checking for int
configure:5954: gcc -c -g -O2    conftest.c >&5
configure:5960: $? = 0
configure:5964: test -z 
			 || test ! -s conftest.err
configure:5967: $? = 0
configure:5970: test -s conftest.o
configure:5973: $? = 0
configure:5984: result: yes
configure:5987: checking size of int
configure:6306: gcc -o conftest -g -O2      conftest.c  >&5
configure:6309: $? = 0
configure:6311: ./conftest
configure:6314: $? = 0
configure:6337: result: 4
configure:6344: checking for long
configure:6368: gcc -c -g -O2    conftest.c >&5
configure:6374: $? = 0
configure:6378: test -z 
			 || test ! -s conftest.err
configure:6381: $? = 0
configure:6384: test -s conftest.o
configure:6387: $? = 0
configure:6398: result: yes
configure:6401: checking size of long
configure:6720: gcc -o conftest -g -O2      conftest.c  >&5
configure:6723: $? = 0
configure:6725: ./conftest
configure:6728: $? = 0
configure:6751: result: 8
configure:6758: checking for long long
configure:6782: gcc -c -g -O2    conftest.c >&5
configure:6788: $? = 0
configure:6792: test -z 
			 || test ! -s conftest.err
configure:6795: $? = 0
configure:6798: test -s conftest.o
configure:6801: $? = 0
configure:6812: result: yes
configure:6815: checking size of long long
configure:7134: gcc -o conftest -g -O2      conftest.c  >&5
configure:7137: $? = 0
configure:7139: ./conftest
configure:7142: $? = 0
configure:7165: result: 8
configure:7172: checking for u_int64_t
configure:7204: gcc -c -g -O2    conftest.c >&5
conftest.c:56:1: warning: expression result unused [-Wunused-value]
sizeof(u_int64_t);
^~~~~~~~~~~~~~~~~
1 warning generated.
configure:7210: $? = 0
configure:7214: test -z 
			 || test ! -s conftest.err
configure:7217: $? = 0
configure:7220: test -s conftest.o
configure:7223: $? = 0
configure:7234: result: yes
configure:7243: checking for u_int32_t
configure:7275: gcc -c -g -O2    conftest.c >&5
conftest.c:57:1: warning: expression result unused [-Wunused-value]
sizeof(u_int32_t);
^~~~~~~~~~~~~~~~~
1 warning generated.
configure:7281: $? = 0
configure:7285: test -z 
			 || test ! -s conftest.err
configure:7288: $? = 0
configure:7291: test -s conftest.o
configure:7294: $? = 0
configure:7305: result: yes
configure:7314: checking for u_int16_t
configure:7346: gcc -c -g -O2    conftest.c >&5
conftest.c:58:1: warning: expression result unused [-Wunused-value]
sizeof(u_int16_t);
^~~~~~~~~~~~~~~~~
1 warning generated.
configure:7352: $? = 0
configure:7356: test -z 
			 || test ! -s conftest.err
configure:7359: $? = 0
configure:7362: test -s conftest.o
configure:7365: $? = 0
configure:7376: result: yes
configure:7385: checking for u_int8_t
configure:7417: gcc -c -g -O2    conftest.c >&5
conftest.c:59:1: warning: expression result unused [-Wunused-value]
sizeof(u_int8_t);
^~~~~~~~~~~~~~~~
1 warning generated.
configure:7423: $? = 0
configure:7427: test -z 
			 || test ! -s conftest.err
configure:7430: $? = 0
configure:7433: test -s conftest.o
configure:7436: $? = 0
configure:7447: result: yes
configure:7456: checking for u_char
configure:7488: gcc -c -g -O2    conftest.c >&5
conftest.c:60:1: warning: expression result unused [-Wunused-value]
sizeof(u_char);
^~~~~~~~~~~~~~
1 warning generated.
configure:7494: $? = 0
configure:7498: test -z 
			 || test ! -s conftest.err
configure:7501: $? = 0
configure:7504: test -s conftest.o
configure:7507: $? = 0
configure:7518: result: yes
configure:7527: checking for u_int
configure:7559: gcc -c -g -O2    conftest.c >&5
conftest.c:61:1: warning: expression result unused [-Wunused-value]
sizeof(u_int);
^~~~~~~~~~~~~
1 warning generated.
configure:7565: $? = 0
configure:7569: test -z 
			 || test ! -s conftest.err
configure:7572: $? = 0
configure:7575: test -s conftest.o
configure:7578: $? = 0
configure:7589: result: yes
configure:7598: checking for u_long
configure:7630: gcc -c -g -O2    conftest.c >&5
conftest.c:62:1: warning: expression result unused [-Wunused-value]
sizeof(u_long);
^~~~~~~~~~~~~~
1 warning generated.
configure:7636: $? = 0
configure:7640: test -z 
			 || test ! -s conftest.err
configure:7643: $? = 0
configure:7646: test -s conftest.o
configure:7649: $? = 0
configure:7660: result: yes
configure:7669: checking for mode_t
configure:7701: gcc -c -g -O2    conftest.c >&5
conftest.c:63:1: warning: expression result unused [-Wunused-value]
sizeof(mode_t);
^~~~~~~~~~~~~~
1 warning generated.
configure:7707: $? = 0
configure:7711: test -z 
			 || test ! -s conftest.err
configure:7714: $? = 0
configure:7717: test -s conftest.o
configure:7720: $? = 0
configure:7731: result: yes
configure:7740: checking for ssize_t
configure:7772: gcc -c -g -O2    conftest.c >&5
conftest.c:64:1: warning: expression result unused [-Wunused-value]
sizeof(ssize_t);
^~~~~~~~~~~~~~~
1 warning generated.
configure:7778: $? = 0
configure:7782: test -z 
			 || test ! -s conftest.err
configure:7785: $? = 0
configure:7788: test -s conftest.o
configure:7791: $? = 0
configure:7802: result: yes
configure:7811: checking for int32_t
configure:7843: gcc -c -g -O2    conftest.c >&5
conftest.c:65:1: warning: expression result unused [-Wunused-value]
sizeof(int32_t);
^~~~~~~~~~~~~~~
1 warning generated.
configure:7849: $? = 0
configure:7853: test -z 
			 || test ! -s conftest.err
configure:7856: $? = 0
configure:7859: test -s conftest.o
configure:7862: $? = 0
configure:7873: result: yes
configure:7882: checking for int64_t
configure:7914: gcc -c -g -O2    conftest.c >&5
conftest.c:66:1: warning: expression result unused [-Wunused-value]
sizeof(int64_t);
^~~~~~~~~~~~~~~
1 warning generated.
configure:7920: $? = 0
configure:7924: test -z 
			 || test ! -s conftest.err
configure:7927: $? = 0
configure:7930: test -s conftest.o
configure:7933: $? = 0
configure:7944: result: yes
configure:7955: checking for working memcmp
configure:8003: gcc -o conftest -g -O2      conftest.c  >&5
configure:8006: $? = 0
configure:8008: ./conftest
configure:8011: $? = 0
configure:8025: result: yes
configure:8046: checking for getprogname
configure:8103: gcc -o conftest -g -O2      conftest.c  >&5
configure:8109: $? = 0
configure:8113: test -z 
			 || test ! -s conftest.err
configure:8116: $? = 0
configure:8119: test -s conftest
configure:8122: $? = 0
configure:8134: result: yes
configure:8046: checking for clock_gettime
configure:8103: gcc -o conftest -g -O2      conftest.c  >&5
configure:8109: $? = 0
configure:8113: test -z 
			 || test ! -s conftest.err
configure:8116: $? = 0
configure:8119: test -s conftest
configure:8122: $? = 0
configure:8134: result: yes
configure:8046: checking for isxdigit
configure:8103: gcc -o conftest -g -O2      conftest.c  >&5
conftest.c:79:6: warning: incompatible redeclaration of library function 'isxdigit' [-Wincompatible-library-redeclaration]
char isxdigit ();
     ^
conftest.c:79:6: note: 'isxdigit' is a builtin with type 'int (int)'
1 warning generated.
configure:8109: $? = 0
configure:8113: test -z 
			 || test ! -s conftest.err
configure:8116: $? = 0
configure:8119: test -s conftest
configure:8122: $? = 0
configure:8134: result: yes
configure:8046: checking for bzero
configure:8103: gcc -o conftest -g -O2      conftest.c  >&5
conftest.c:80:6: warning: incompatible redeclaration of library function 'bzero' [-Wincompatible-library-redeclaration]
char bzero ();
     ^
conftest.c:80:6: note: 'bzero' is a builtin with type 'void (void *, unsigned long)'
1 warning generated.
configure:8109: $? = 0
configure:8113: test -z 
			 || test ! -s conftest.err
configure:8116: $? = 0
configure:8119: test -s conftest
configure:8122: $? = 0
configure:8134: result: yes
configure:8046: checking for memcpy
configure:8103: gcc -o conftest -g -O2      conftest.c  >&5
conftest.c:81:6: warning: incompatible redeclaration of library function 'memcpy' [-Wincompatible-library-redeclaration]
char memcpy ();
     ^
conftest.c:81:6: note: 'memcpy' is a builtin with type 'void *(void *, const void *, unsigned long)'
1 warning generated.
configure:8109: $? = 0
configure:8113: test -z 
			 || test ! -s conftest.err
configure:8116: $? = 0
configure:8119: test -s conftest
configure:8122: $? = 0
configure:8134: result: yes
configure:8046: checking for strchr
configure:8103: gcc -o conftest -g -O2      conftest.c  >&5
conftest.c:82:6: warning: incompatible redeclaration of library function 'strchr' [-Wincompatible-library-redeclaration]
char strchr ();
     ^
conftest.c:82:6: note: 'strchr' is a builtin with type 'char *(const char *, int)'
1 warning generated.
configure:8109: $? = 0
configure:8113: test -z 
			 || test ! -s conftest.err
configure:8116: $? = 0
configure:8119: test -s conftest
configure:8122: $? = 0
configure:8134: result: yes
configure:8046: checking for strrchr
configure:8103: gcc -o conftest -g -O2      conftest.c  >&5
conftest.c:83:6: warning: incompatible redeclaration of library function 'strrchr' [-Wincompatible-library-redeclaration]
char strrchr ();
     ^
conftest.c:83:6: note: 'strrchr' is a builtin with type 'char *(const char *, int)'
1 warning generated.
configure:8109: $? = 0
configure:8113: test -z 
			 || test ! -s conftest.err
configure:8116: $? = 0
configure:8119: test -s conftest
configure:8122: $? = 0
configure:8134: result: yes
configure:8221: checking how to print strings
configure:8248: result: printf
configure:8269: checking for a sed that does not truncate output
configure:8325: result: /usr/bin/sed
configure:8341: checking for fgrep
configure:8351: result: grep -F
configure:8386: checking for ld used by gcc
configure:8453: result: /Applications/Xcode.app/Contents/Developer/Toolchains/XcodeDefault.xctoolchain/usr/bin/ld
configure:8462: checking if the linker (/Applications/Xcode.app/Contents/Developer/Toolchains/XcodeDefault.xctoolchain/usr/bin/ld) is GNU ld
configure:8477: result: no
configure:8489: checking for BSD- or MS-compatible name lister (nm)
configure:8538: result: /usr/bin/nm -B
configure:8655: checking the name lister (/usr/bin/nm -B) interface
configure:8662: gcc -c -g -O2    conftest.c >&5
configure:8665: /usr/bin/nm -B "conftest.o"
configure:8668: output
00000000000001dc S _some_variable
configure:8675: result: BSD nm
configure:8679: checking the maximum length of command line arguments
configure:8809: result: 196608
configure:8826: checking whether the shell understands some XSI constructs
configure:8836: result: yes
configure:8840: checking whether the shell understands "+="
configure:8846: result: yes
configure:8881: checking how to convert i686-apple-darwin17.2.0 file names to i686-apple-darwin17.2.0 format
configure:8921: result: func_convert_file_noop
configure:8928: checking how to convert i686-apple-darwin17.2.0 file names to toolchain format
configure:8948: result: func_convert_file_noop
configure:8955: checking for /Applications/Xcode.app/Contents/Developer/Toolchains/XcodeDefault.xctoolchain/usr/bin/ld option to reload object files
configure:8962: result: -r
configure:9034: checking for objdump
configure:9050: found /usr/bin/objdump
configure:9061: result: objdump
configure:9083: checking how to recognize dependent libraries
configure:9285: result: pass_all
configure:9368: checking for dlltool
configure:9395: result: false
configure:9418: checking how to associate runtime and link libraries
configure:9445: result: printf %s

configure:9503: checking for ar
configure:9519: found /usr/bin/ar
configure:9529: result: ar
configure:9556: checking for archiver @FILE support
configure:9578: gcc -c -g -O2    conftest.c >&5
configure:9584: $? = 0
configure:9588: test -z 
			 || test ! -s conftest.err
configure:9591: $? = 0
configure:9594: test -s conftest.o
configure:9597: $? = 0
configure:9601: ar cru libconftest.a @conftest.lst >&5
ar: @conftest.lst: No such file or directory
configure:9604: $? = 1
configure:9628: result: no
configure:9684: checking for strip
configure:9700: found /usr/bin/strip
configure:9711: result: strip
configure:9771: checking for ranlib
configure:9787: found /usr/bin/ranlib
configure:9798: result: ranlib
configure:9890: checking command to parse /usr/bin/nm -B output from gcc object
configure:10010: gcc -c -g -O2    conftest.c >&5
configure:10013: $? = 0
configure:10017: /usr/bin/nm -B conftest.o \| sed -n -e 's/^.*[ ]\([BCDEGRST][BCDEGRST]*\)[ ][ ]*\([_A-Za-z][_A-Za-z0-9]*\)$/\1 \2 \2/p' | sed '/ __gnu_lto/d' \> conftest.nm
configure:10020: $? = 0
cannot find nm_test_var in conftest.nm
configure:10010: gcc -c -g -O2    conftest.c >&5
configure:10013: $? = 0
configure:10017: /usr/bin/nm -B conftest.o \| sed -n -e 's/^.*[ ]\([BCDEGRST][BCDEGRST]*\)[ ][ ]*_\([_A-Za-z][_A-Za-z0-9]*\)$/\1 _\2 \2/p' | sed '/ __gnu_lto/d' \> conftest.nm
configure:10020: $? = 0
configure:10086: gcc -o conftest -g -O2      conftest.c conftstm.o >&5
warning: (x86_64)  could not find object file symbol for symbol _main
configure:10089: $? = 0
configure:10127: result: ok
configure:10164: checking for sysroot
configure:10196: result: no
configure:10478: checking for mt
configure:10505: result: :
configure:10518: checking if : is a manifest tool
configure:10524: : '-?'
configure:10532: result: no
configure:10586: checking for dsymutil
configure:10602: found /usr/bin/dsymutil
configure:10613: result: dsymutil
configure:10666: checking for nmedit
configure:10682: found /usr/bin/nmedit
configure:10693: result: nmedit
configure:10746: checking for lipo
configure:10762: found /usr/bin/lipo
configure:10773: result: lipo
configure:10826: checking for otool
configure:10842: found /usr/bin/otool
configure:10853: result: otool
configure:10906: checking for otool64
configure:10933: result: :
configure:10971: checking for -single_module linker flag
gcc -g -O2   -o libconftest.dylib -dynamiclib -Wl,-single_module conftest.c
configure:11004: result: yes
configure:11007: checking for -exported_symbols_list linker flag
configure:11032: gcc -o conftest -g -O2      -Wl,-exported_symbols_list,conftest.sym conftest.c  >&5
configure:11038: $? = 0
configure:11042: test -z 
			 || test ! -s conftest.err
configure:11045: $? = 0
configure:11048: test -s conftest
configure:11051: $? = 0
configure:11065: result: yes
configure:11068: checking for -force_load linker flag
gcc -g -O2 -c -o conftest.o conftest.c
ar cru libconftest.a conftest.o
ranlib libconftest.a
gcc -g -O2   -o conftest conftest.c -Wl,-force_load,./libconftest.a
configure:11100: result: yes
configure:11141: checking for dlfcn.h
configure:11157: gcc -c -g -O2    conftest.c >&5
configure:11163: $? = 0
configure:11167: test -z 
			 || test ! -s conftest.err
configure:11170: $? = 0
configure:11173: test -s conftest.o
configure:11176: $? = 0
configure:11187: result: yes
configure:11374: checking for objdir
configure:11389: result: .libs
configure:11656: checking if gcc supports -fno-rtti -fno-exceptions
configure:11674: gcc -c -g -O2    -fno-rtti -fno-exceptions conftest.c >&5
configure:11678: $? = 0
configure:11691: result: yes
configure:12018: checking for gcc option to produce PIC
configure:12025: result: -fno-common -DPIC
configure:12033: checking if gcc PIC flag -fno-common -DPIC works
configure:12051: gcc -c -g -O2    -fno-common -DPIC -DPIC conftest.c >&5
configure:12055: $? = 0
configure:12068: result: yes
configure:12097: checking if gcc static flag -static works
configure:12125: result: no
configure:12140: checking if gcc supports -c -o file.o
configure:12161: gcc -c -g -O2    -o out/conftest2.o conftest.c >&5
configure:12165: $? = 0
configure:12187: result: yes
configure:12195: checking if gcc supports -c -o file.o
configure:12242: result: yes
configure:12275: checking whether the gcc linker (/Applications/Xcode.app/Contents/Developer/Toolchains/XcodeDefault.xctoolchain/usr/bin/ld) supports shared libraries
configure:13514: result: yes
configure:13754: checking dynamic linker characteristics
configure:14517: result: darwin17.2.0 dyld
configure:14624: checking how to hardcode library paths into programs
configure:14649: result: immediate
configure:15507: checking whether stripping libraries is possible
configure:15521: result: yes
configure:15547: checking if libtool supports shared libraries
configure:15549: result: yes
configure:15552: checking whether to build shared libraries
configure:15573: result: no
configure:15576: checking whether to build static libraries
configure:15580: result: yes
configure:15603: checking how to run the C++ preprocessor
configure:15634: g++ -E    conftest.cc
configure:15640: $? = 0
configure:15672: g++ -E    conftest.cc
conftest.cc:62:10: fatal error: 'ac_nonexistent.h' file not found
#include <ac_nonexistent.h>
         ^~~~~~~~~~~~~~~~~~
1 error generated.
configure:15678: $? = 1
configure: failed program was:
| /* confdefs.h.  */
| 
| #define PACKAGE_NAME ""
| #define PACKAGE_TARNAME ""
| #define PACKAGE_VERSION ""
| #define PACKAGE_STRING ""
| #define PACKAGE_BUGREPORT ""
| #define PACKAGE "libdcrypt"
| #define VERSION "0.6"
| #ifdef __cplusplus
| extern "C" void exit (int);
| #endif
| #define HAVE_GMP_CXX_OPS 1
| #define HAVE_MPZ_XOR 1
| #define GMP_LIMB_SIZE 8
| #define STDC_HEADERS 1
| #define HAVE_SYS_TYPES_H 1
| #define HAVE_SYS_STAT_H 1
| #define HAVE_STDLIB_H 1
| #define HAVE_STRING_H 1
| #define HAVE_MEMORY_H 1
| #define HAVE_STRINGS_H 1
| #define HAVE_INTTYPES_H 1
| #define HAVE_STDINT_H 1
| #define HAVE_UNISTD_H 1
| #define HAVE_MEMORY_H 1
| #define STDC_HEADERS 1
| #define HAVE_ERRNO_H 1
| #define HAVE_STDLIB_H 1
| #define HAVE_STRING_H 1
| #define HAVE_UNISTD_H 1
| #define HAVE_SYS_FILE_H 1
| #define HAVE_SYS_TYPES_H 1
| #define HAVE_SYS_WAIT_H 1
| #define SFS_HAVE_STAT_ST_ATIMESPEC 1
| #define SFS_HAVE_STAT_ST_MTIMESPEC 1
| #define SIZEOF_SHORT 2
| #define SIZEOF_INT 4
| #define SIZEOF_LONG 8
| #define SIZEOF_LONG_LONG 8
| #define HAVE_U_INT64_T 1
| #define HAVE_U_INT32_T 1
| #define HAVE_U_INT16_T 1
| #define HAVE_U_INT8_T 1
| #define HAVE_U_CHAR 1
| #define HAVE_U_INT 1
| #define HAVE_U_LONG 1
| #define HAVE_MODE_T 1
| #define HAVE_SSIZE_T 1
| #define HAVE_INT32_T 1
| #define HAVE_INT64_T 1
| #define HAVE_GETPROGNAME 1
| #define HAVE_CLOCK_GETTIME 1
| #define HAVE_ISXDIGIT 1
| #define HAVE_BZERO 1
| #define HAVE_MEMCPY 1
| #define HAVE_STRCHR 1
| #define HAVE_STRRCHR 1
| #define HAVE_DLFCN_H 1
| #define LT_OBJDIR ".libs/"
| /* end confdefs.h.  */
| #include <ac_nonexistent.h>
configure:15717: result: g++ -E
configure:15741: g++ -E    conftest.cc
configure:15747: $? = 0
configure:15779: g++ -E    conftest.cc
conftest.cc:62:10: fatal error: 'ac_nonexistent.h' file not found
#include <ac_nonexistent.h>
         ^~~~~~~~~~~~~~~~~~
1 error generated.
configure:15785: $? = 1
configure: failed program was:
| /* confdefs.h.  */
| 
| #define PACKAGE_NAME ""
| #define PACKAGE_TARNAME ""
| #define PACKAGE_VERSION ""
| #define PACKAGE_STRING ""
| #define PACKAGE_BUGREPORT ""
| #define PACKAGE "libdcrypt"
| #define VERSION "0.6"
| #ifdef __cplusplus
| extern "C" void exit (int);
| #endif
| #define HAVE_GMP_CXX_OPS 1
| #define HAVE_MPZ_XOR 1
| #define GMP_LIMB_SIZE 8
| #define STDC_HEADERS 1
| #define HAVE_SYS_TYPES_H 1
| #define HAVE_SYS_STAT_H 1
| #define HAVE_STDLIB_H 1
| #define HAVE_STRING_H 1
| #define HAVE_MEMORY_H 1
| #define HAVE_STRINGS_H 1
| #define HAVE_INTTYPES_H 1
| #define HAVE_STDINT_H 1
| #define HAVE_UNISTD_H 1
| #define HAVE_MEMORY_H 1
| #define STDC_HEADERS 1
| #define HAVE_ERRNO_H 1
| #define HAVE_STDLIB_H 1
| #define HAVE_STRING_H 1
| #define HAVE_UNISTD_H 1
| #define HAVE_SYS_FILE_H 1
| #define HAVE_SYS_TYPES_H 1
| #define HAVE_SYS_WAIT_H 1
| #define SFS_HAVE_STAT_ST_ATIMESPEC 1
| #define SFS_HAVE_STAT_ST_MTIMESPEC 1
| #define SIZEOF_SHORT 2
| #define SIZEOF_INT 4
| #define SIZEOF_LONG 8
| #define SIZEOF_LONG_LONG 8
| #define HAVE_U_INT64_T 1
| #define HAVE_U_INT32_T 1
| #define HAVE_U_INT16_T 1
| #define HAVE_U_INT8_T 1
| #define HAVE_U_CHAR 1
| #define HAVE_U_INT 1
| #define HAVE_U_LONG 1
| #define HAVE_MODE_T 1
| #define HAVE_SSIZE_T 1
| #define HAVE_INT32_T 1
| #define HAVE_INT64_T 1
| #define HAVE_GETPROGNAME 1
| #define HAVE_CLOCK_GETTIME 1
| #define HAVE_ISXDIGIT 1
| #define HAVE_BZERO 1
| #define HAVE_MEMCPY 1
| #define HAVE_STRCHR 1
| #define HAVE_STRRCHR 1
| #define HAVE_DLFCN_H 1
| #define LT_OBJDIR ".libs/"
| /* end confdefs.h.  */
| #include <ac_nonexistent.h>
configure:15969: checking for ld used by g++
configure:16036: result: /Applications/Xcode.app/Contents/Developer/Toolchains/XcodeDefault.xctoolchain/usr/bin/ld
configure:16045: checking if the linker (/Applications/Xcode.app/Contents/Developer/Toolchains/XcodeDefault.xctoolchain/usr/bin/ld) is GNU ld
configure:16060: result: no
configure:16115: checking whether the g++ linker (/Applications/Xcode.app/Contents/Developer/Toolchains/XcodeDefault.xctoolchain/usr/bin/ld) supports shared libraries
configure:17178: result: yes
configure:17214: g++ -c -g -O2    conftest.cpp >&5
configure:17217: $? = 0
configure:17737: checking for g++ option to produce PIC
configure:17744: result: -fno-common -DPIC
configure:17752: checking if g++ PIC flag -fno-common -DPIC works
configure:17770: g++ -c -g -O2    -fno-common -DPIC -DPIC conftest.cpp >&5
configure:17774: $? = 0
configure:17787: result: yes
configure:17810: checking if g++ static flag -static works
configure:17838: result: no
configure:17850: checking if g++ supports -c -o file.o
configure:17871: g++ -c -g -O2    -o out/conftest2.o conftest.cpp >&5
configure:17875: $? = 0
configure:17897: result: yes
configure:17902: checking if g++ supports -c -o file.o
configure:17949: result: yes
configure:17979: checking whether the g++ linker (/Applications/Xcode.app/Contents/Developer/Toolchains/XcodeDefault.xctoolchain/usr/bin/ld) supports shared libraries
configure:18015: result: yes
configure:18156: checking dynamic linker characteristics
configure:18853: result: darwin17.2.0 dyld
configure:18906: checking how to hardcode library paths into programs
configure:18931: result: immediate
configure:19126: creating ./config.status

## ---------------------- ##
## Running config.status. ##
## ---------------------- ##

This file was extended by config.status, which was
generated by GNU Autoconf 2.59.  Invocation command line was

  CONFIG_FILES    = 
  CONFIG_HEADERS  = 
  CONFIG_LINKS    = 
  CONFIG_COMMANDS = 
  $ ./config.status 

on alex-mbp.local

config.status:998: creating Makefile
config.status:1102: creating config.h
config.status:1482: executing depfiles commands
config.status:1482: executing libtool commands

## ---------------- ##
## Cache variables. ##
## ---------------- ##

ac_cv_build=i686-apple-darwin17.2.0
ac_cv_build_alias=i686-apple-darwin17.2.0
ac_cv_c_compiler_gnu=yes
ac_cv_c_const=yes
ac_cv_cxx_compiler_gnu=yes
ac_cv_env_CC_set=
ac_cv_env_CC_value=
ac_cv_env_CFLAGS_set=
ac_cv_env_CFLAGS_value=
ac_cv_env_CPPFLAGS_set=
ac_cv_env_CPPFLAGS_value=
ac_cv_env_CPP_set=
ac_cv_env_CPP_value=
ac_cv_env_CXXCPP_set=
ac_cv_env_CXXCPP_value=
ac_cv_env_CXXFLAGS_set=
ac_cv_env_CXXFLAGS_value=
ac_cv_env_CXX_set=
ac_cv_env_CXX_value=
ac_cv_env_LDFLAGS_set=
ac_cv_env_LDFLAGS_value=
ac_cv_env_build_alias_set=
ac_cv_env_build_alias_value=
ac_cv_env_host_alias_set=
ac_cv_env_host_alias_value=
ac_cv_env_target_alias_set=
ac_cv_env_target_alias_value=
ac_cv_exeext=
ac_cv_func_bzero=yes
ac_cv_func_clock_gettime=yes
ac_cv_func_getprogname=yes
ac_cv_func_isxdigit=yes
ac_cv_func_memcmp_working=yes
ac_cv_func_memcpy=yes
ac_cv_func_strchr=yes
ac_cv_func_strrchr=yes
ac_cv_header_dlfcn_h=yes
ac_cv_header_errno_h=yes
ac_cv_header_inttypes_h=yes
ac_cv_header_memory_h=yes
ac_cv_header_stdc=yes
ac_cv_header_stdint_h=yes
ac_cv_header_stdlib_h=yes
ac_cv_header_string_h=yes
ac_cv_header_strings_h=yes
ac_cv_header_sys_file_h=yes
ac_cv_header_sys_stat_h=yes
ac_cv_header_sys_types_h=yes
ac_cv_header_sys_wait_h=yes
ac_cv_header_unistd_h=yes
ac_cv_host=i686-apple-darwin17.2.0
ac_cv_host_alias=i686-apple-darwin17.2.0
ac_cv_objext=o
ac_cv_path_install='/usr/bin/install -c'
ac_cv_prog_AWK=awk
ac_cv_prog_CPP='gcc -E'
ac_cv_prog_CXXCPP='g++ -E'
ac_cv_prog_ac_ct_AR=ar
ac_cv_prog_ac_ct_CC=gcc
ac_cv_prog_ac_ct_CXX=g++
ac_cv_prog_ac_ct_DLLTOOL=false
ac_cv_prog_ac_ct_DSYMUTIL=dsymutil
ac_cv_prog_ac_ct_LIPO=lipo
ac_cv_prog_ac_ct_MANIFEST_TOOL=:
ac_cv_prog_ac_ct_NMEDIT=nmedit
ac_cv_prog_ac_ct_OBJDUMP=objdump
ac_cv_prog_ac_ct_OTOOL=otool
ac_cv_prog_ac_ct_OTOOL64=:
ac_cv_prog_ac_ct_RANLIB=ranlib
ac_cv_prog_ac_ct_STRIP=strip
ac_cv_prog_cc_g=yes
ac_cv_prog_cc_stdc=
ac_cv_prog_cxx_g=yes
ac_cv_prog_egrep='grep -E'
ac_cv_prog_fgrep='grep -F'
ac_cv_prog_make_make_set=yes
ac_cv_sizeof_int=4
ac_cv_sizeof_long=8
ac_cv_sizeof_long_long=8
ac_cv_sizeof_short=2
ac_cv_type_int=yes
ac_cv_type_long=yes
ac_cv_type_long_long=yes
ac_cv_type_off_t=yes
ac_cv_type_short=yes
ac_cv_type_size_t=yes
am_cv_CC_dependencies_compiler_type=gcc3
am_cv_CXX_dependencies_compiler_type=gcc3
lt_cv_apple_cc_single_mod=yes
lt_cv_ar_at_file=no
lt_cv_deplibs_check_method=pass_all
lt_cv_file_magic_cmd='$MAGIC_CMD'
lt_cv_file_magic_test_file=
lt_cv_ld_exported_symbols_list=yes
lt_cv_ld_force_load=yes
lt_cv_ld_reload_flag=-r
lt_cv_nm_interface='BSD nm'
lt_cv_objdir=.libs
lt_cv_path_LD=/Applications/Xcode.app/Contents/Developer/Toolchains/XcodeDefault.xctoolchain/usr/bin/ld
lt_cv_path_LDCXX=/Applications/Xcode.app/Contents/Developer/Toolchains/XcodeDefault.xctoolchain/usr/bin/ld
lt_cv_path_NM='/usr/bin/nm -B'
lt_cv_path_SED=/usr/bin/sed
lt_cv_path_mainfest_tool=no
lt_cv_prog_compiler_c_o=yes
lt_cv_prog_compiler_c_o_CXX=yes
lt_cv_prog_compiler_pic='-fno-common -DPIC'
lt_cv_prog_compiler_pic_CXX='-fno-common -DPIC'
lt_cv_prog_compiler_pic_works=yes
lt_cv_prog_compiler_pic_works_CXX=yes
lt_cv_prog_compiler_rtti_exceptions=yes
lt_cv_prog_compiler_static_works=no
lt_cv_prog_compiler_static_works_CXX=no
lt_cv_prog_gnu_ld=no
lt_cv_prog_gnu_ldcxx=no
lt_cv_sharedlib_from_linklib_cmd='printf %s\n'
lt_cv_sys_global_symbol_pipe='sed -n -e '\''s/^.*[	 ]\([BCDEGRST][BCDEGRST]*\)[	 ][	 ]*_\([_A-Za-z][_A-Za-z0-9]*\)$/\1 _\2 \2/p'\'' | sed '\''/ __gnu_lto/d'\'''
lt_cv_sys_global_symbol_to_c_name_address='sed -n -e '\''s/^: \([^ ]*\)[ ]*$/  {\"\1\", (void *) 0},/p'\'' -e '\''s/^[BCDEGRST]* \([^ ]*\) \([^ ]*\)$/  {"\2", (void *) \&\2},/p'\'''
lt_cv_sys_global_symbol_to_c_name_address_lib_prefix='sed -n -e '\''s/^: \([^ ]*\)[ ]*$/  {\"\1\", (void *) 0},/p'\'' -e '\''s/^[BCDEGRST]* \([^ ]*\) \(lib[^ ]*\)$/  {"\2", (void *) \&\2},/p'\'' -e '\''s/^[BCDEGRST]* \([^ ]*\) \([^ ]*\)$/  {"lib\2", (void *) \&\2},/p'\'''
lt_cv_sys_global_symbol_to_cdecl='sed -n -e '\''s/^T .* \(.*\)$/extern int \1();/p'\'' -e '\''s/^[BCDEGRST]* .* \(.*\)$/extern char \1;/p'\'''
lt_cv_sys_max_cmd_len=196608
lt_cv_to_host_file_cmd=func_convert_file_noop
lt_cv_to_tool_file_cmd=func_convert_file_noop
sfs_cv_gmp_cxx_ops=yes
sfs_cv_gmp_h=' '
sfs_cv_have_mpz_xor=yes
sfs_cv_libgmp=-lgmp
sfs_cv_mp_limb_t_size=8
sfs_cv_stat_st_atimespec=yes
sfs_cv_stat_st_mtim=no
sfs_cv_stat_st_mtimespec=yes
sfs_cv_type_int32_t=yes
sfs_cv_type_int64_t=yes
sfs_cv_type_mode_t=yes
sfs_cv_type_ssize_t=yes
sfs_cv_type_u_char=yes
sfs_cv_type_u_int=yes
sfs_cv_type_u_int16_t=yes
sfs_cv_type_u_int32_t=yes
sfs_cv_type_u_int64_t=yes
sfs_cv_type_u_int8_t=yes
sfs_cv_type_u_long=yes

## ----------------- ##
## Output variables. ##
## ----------------- ##

ACLOCAL='${SHELL} /Users/alexmasi/Desktop/4702_honors/libdcrypt-0.6/missing --run aclocal-1.9'
AMDEPBACKSLASH='\'
AMDEP_FALSE='#'
AMDEP_TRUE=''
AMTAR='${SHELL} /Users/alexmasi/Desktop/4702_honors/libdcrypt-0.6/missing --run tar'
AR='ar'
AUTOCONF='${SHELL} /Users/alexmasi/Desktop/4702_honors/libdcrypt-0.6/missing --run autoconf'
AUTOHEADER='${SHELL} /Users/alexmasi/Desktop/4702_honors/libdcrypt-0.6/missing --run autoheader'
AUTOMAKE='${SHELL} /Users/alexmasi/Desktop/4702_honors/libdcrypt-0.6/missing --run automake-1.9'
AWK='awk'
CC='gcc'
CCDEPMODE='depmode=gcc3'
CFLAGS='$(DEBUG) $(WFLAGS) $(ECFLAGS) $(CFLAGS_PROFILE)'
CPP='gcc -E'
CPPFLAGS='  '
CXX='g++'
CXXCPP='g++ -E'
CXXDEBUG='-g -O2'
CXXDEPMODE='depmode=gcc3'
CXXFLAGS='$(CXXDEBUG) $(CXXWFLAGS) $(ECXXFLAGS) $(CFLAGS_PROFILE)'
CXXNOERR='-Wno-error'
CXXWFLAGS='-Wall'
CYGPATH_W='echo'
DEBUG='-g -O2'
DEFS='-DHAVE_CONFIG_H'
DEPDIR='.deps'
DLLTOOL='false'
DMALLOC_FALSE=''
DMALLOC_TRUE='#'
DSYMUTIL='dsymutil'
DUMPBIN=''
ECFLAGS=''
ECHO_C='ECHO_N=''
ECHO_T=''
ECXXFLAGS=''
EGREP='grep -E'
ETAGS_ARGS='-C /dev/null'
EXEEXT=''
FGREP='grep -F'
GMP_DIR=''
GREP='grep'
INSTALL_DATA='${INSTALL} -m 644'
INSTALL_PROGRAM='${INSTALL}'
INSTALL_SCRIPT='${INSTALL}'
INSTALL_STRIP_PROGRAM='${SHELL} $(install_sh) -c -s'
LD='/Applications/Xcode.app/Contents/Developer/Toolchains/XcodeDefault.xctoolchain/usr/bin/ld'
LDFLAGS=' '
LIBGMP='-lgmp'
LIBOBJS=''
LIBS=''
LIBTOOL='$(SHELL) $(top_builddir)/libtool'
LIPO='lipo'
LN_S='ln -s'
LTLIBOBJS=''
MAKEINFO='${SHELL} /Users/alexmasi/Desktop/4702_honors/libdcrypt-0.6/missing --run makeinfo'
MANIFEST_TOOL=':'
NM='/usr/bin/nm -B'
NMEDIT='nmedit'
NW='-w'
OBJDUMP='objdump'
OBJEXT='o'
OTOOL64=':'
OTOOL='otool'
PACKAGE='libdcrypt'
PACKAGE_BUGREPORT=''
PACKAGE_NAME=''
PACKAGE_STRING=''
PACKAGE_TARNAME=''
PACKAGE_VERSION=''
PATH_SEPARATOR=':'
RANLIB='ranlib'
SED='/usr/bin/sed'
SET_MAKE=''
SHELL='/bin/sh'
STRIP='strip'
VERSION='0.6'
WFLAGS='-Wall'
ac_ct_AR='ar'
ac_ct_CC='gcc'
ac_ct_CXX='g++'
ac_ct_DLLTOOL='false'
ac_ct_DSYMUTIL='dsymutil'
ac_ct_DUMPBIN=''
ac_ct_LIPO='lipo'
ac_ct_MANIFEST_TOOL=':'
ac_ct_NMEDIT='nmedit'
ac_ct_OBJDUMP='objdump'
ac_ct_OTOOL64=':'
ac_ct_OTOOL='otool'
ac_ct_RANLIB='ranlib'
ac_ct_STRIP='strip'
am__fastdepCC_FALSE='#'
am__fastdepCC_TRUE=''
am__fastdepCXX_FALSE='#'
am__fastdepCXX_TRUE=''
am__include='include'
am__leading_dot='.'
am__quote=''
am__tar='${AMTAR} chof - "$$tardir"'
am__untar='${AMTAR} xf -'
bindir='${exec_prefix}/bin'
build='i686-apple-darwin17.2.0'
build_alias=''
build_cpu='i686'
build_os='darwin17.2.0'
build_vendor='apple'
datadir='${prefix}/share'
exec_prefix='${prefix}'
host='i686-apple-darwin17.2.0'
host_alias=''
host_cpu='i686'
host_os='darwin17.2.0'
host_vendor='apple'
includedir='${prefix}/include'
infodir='${prefix}/info'
install_sh='/Users/alexmasi/Desktop/4702_honors/libdcrypt-0.6/install-sh'
libdir='${exec_prefix}/lib'
libexecdir='${exec_prefix}/libexec'
localstatedir='${prefix}/var'
mandir='${prefix}/man'
mkdir_p='$(mkinstalldirs)'
oldincludedir='/usr/include'
prefix='/usr/local'
program_transform_name='s,x,x,'
sbindir='${exec_prefix}/sbin'
sharedstatedir='${prefix}/com'
sysconfdir='${prefix}/etc'
target_alias=''

## ----------- ##
## confdefs.h. ##
## ----------- ##

#define GMP_LIMB_SIZE 8
#define HAVE_BZERO 1
#define HAVE_CLOCK_GETTIME 1
#define HAVE_DLFCN_H 1
#define HAVE_ERRNO_H 1
#define HAVE_GETPROGNAME 1
#define HAVE_GMP_CXX_OPS 1
#define HAVE_INT32_T 1
#define HAVE_INT64_T 1
#define HAVE_INTTYPES_H 1
#define HAVE_ISXDIGIT 1
#define HAVE_MEMCPY 1
#define HAVE_MEMORY_H 1
#define HAVE_MEMORY_H 1
#define HAVE_MODE_T 1
#define HAVE_MPZ_XOR 1
#define HAVE_SSIZE_T 1
#define HAVE_STDINT_H 1
#define HAVE_STDLIB_H 1
#define HAVE_STDLIB_H 1
#define HAVE_STRCHR 1
#define HAVE_STRINGS_H 1
#define HAVE_STRING_H 1
#define HAVE_STRING_H 1
#define HAVE_STRRCHR 1
#define HAVE_SYS_FILE_H 1
#define HAVE_SYS_STAT_H 1
#define HAVE_SYS_TYPES_H 1
#define HAVE_SYS_TYPES_H 1
#define HAVE_SYS_WAIT_H 1
#define HAVE_UNISTD_H 1
#define HAVE_UNISTD_H 1
#define HAVE_U_CHAR 1
#define HAVE_U_INT 1
#define HAVE_U_INT16_T 1
#define HAVE_U_INT32_T 1
#define HAVE_U_INT64_T 1
#define HAVE_U_INT8_T 1
#define HAVE_U_LONG 1
#define LT_OBJDIR ".libs/"
#define PACKAGE "libdcrypt"
#define PACKAGE_BUGREPORT ""
#define PACKAGE_NAME ""
#define PACKAGE_STRING ""
#define PACKAGE_TARNAME ""
#define PACKAGE_VERSION ""
#define SFS_HAVE_STAT_ST_ATIMESPEC 1
#define SFS_HAVE_STAT_ST_MTIMESPEC 1
#define SIZEOF_INT 4
#define SIZEOF_LONG 8
#define SIZEOF_LONG_LONG 8
#define SIZEOF_SHORT 2
#define STDC_HEADERS 1
#define STDC_HEADERS 1
#define VERSION "0.6"
#endif
#ifdef __cplusplus
extern "C" void exit (int);

configure: exit 0
